<?xml version="1.0" encoding="UTF-8"?>
<!-- Generated by org.testng.reporters.JUnitReportReporter -->
<testsuite hostname="DESKTOP-RNCMJUH" failures="0" tests="3" name="com.testNG.com.Ignore" time="0.051" errors="0" timestamp="2022-07-24T12:30:24 IST" skipped="0">
  <testcase classname="com.testNG.com.Ignore" name="aMethod" time="0.044"/>
  <testcase classname="com.testNG.com.Ignore" name="cMethod" time="0.003"/>
  <testcase classname="com.testNG.com.Ignore" name="bMethod" time="0.004"/>
</testsuite> <!-- com.testNG.com.Ignore -->
