<?xml version="1.0" encoding="UTF-8"?>
<!-- Generated by org.testng.reporters.JUnitReportReporter -->
<testsuite hostname="DESKTOP-RNCMJUH" failures="0" tests="4" name="com.testNG.com.Priorty" time="0.061" errors="0" timestamp="2022-07-24T12:47:00 IST" skipped="0">
  <testcase classname="com.testNG.com.Priorty" name="dMethod" time="0.042"/>
  <testcase classname="com.testNG.com.Priorty" name="cMethod" time="0.004"/>
  <testcase classname="com.testNG.com.Priorty" name="bMethod" time="0.006"/>
  <testcase classname="com.testNG.com.Priorty" name="aMethod" time="0.009"/>
</testsuite> <!-- com.testNG.com.Priorty -->
