<?xml version="1.0" encoding="UTF-8"?>
<!-- Generated by org.testng.reporters.JUnitReportReporter -->
<testsuite hostname="DESKTOP-RNCMJUH" failures="0" tests="1" name="com.testNG.com.Parameter" time="30.508" errors="0" timestamp="2022-07-30T12:16:49 IST" skipped="0">
  <testcase classname="com.testNG.com.Parameter" name="launch" time="30.508"/>
</testsuite> <!-- com.testNG.com.Parameter -->
