<?xml version="1.0" encoding="UTF-8"?>
<!-- Generated by org.testng.reporters.JUnitReportReporter -->
<testsuite hostname="DESKTOP-RNCMJUH" failures="0" tests="4" name="com.testNG.com.Ignore_Method" time="0.047" errors="0" timestamp="2022-07-24T12:49:42 IST" skipped="2">
  <testcase classname="com.testNG.com.Ignore_Method" name="dMethod" time="0.004"/>
  <testcase classname="com.testNG.com.Ignore_Method" name="cMethod" time="0.043"/>
  <testcase classname="com.testNG.com.Ignore_Method" name="bMethod">
    <skipped/>
  </testcase> <!-- bMethod -->
  <testcase classname="com.testNG.com.Ignore_Method" name="aMethod">
    <skipped/>
  </testcase> <!-- aMethod -->
</testsuite> <!-- com.testNG.com.Ignore_Method -->
