<?xml version="1.0" encoding="UTF-8"?>
<!-- Generated by org.testng.reporters.JUnitReportReporter -->
<testsuite hostname="DESKTOP-RNCMJUH" failures="0" tests="3" name="com.testNG.com.TimeOut" time="3.194" errors="1" timestamp="2022-07-26T12:38:25 IST" skipped="0">
  <testcase classname="com.testNG.com.TimeOut" name="aMethod" time="1.152">
    <error message="Method com.testNG.com.TimeOut.aMethod() didn&#039;t finish within the time-out 1000" type="org.testng.internal.thread.ThreadTimeoutException">
      <![CDATA[org.testng.internal.thread.ThreadTimeoutException: Method com.testNG.com.TimeOut.aMethod() didn't finish within the time-out 1000
]]>
    </error>
  </testcase> <!-- aMethod -->
  <testcase classname="com.testNG.com.TimeOut" name="cMethod" time="1.025"/>
  <testcase classname="com.testNG.com.TimeOut" name="bMethod" time="1.017"/>
</testsuite> <!-- com.testNG.com.TimeOut -->
