<?xml version="1.0" encoding="UTF-8"?>
<!-- Generated by org.testng.reporters.JUnitReportReporter -->
<testsuite hostname="DESKTOP-RNCMJUH" failures="0" tests="4" name="com.testNG.com.DependsOn" time="0.062" errors="0" timestamp="2022-10-03T10:13:56 IST" skipped="0">
  <testcase classname="com.testNG.com.DependsOn" name="cMethod" time="0.006"/>
  <testcase classname="com.testNG.com.DependsOn" name="aMethod" time="0.041"/>
  <testcase classname="com.testNG.com.DependsOn" name="bMethod" time="0.006"/>
  <testcase classname="com.testNG.com.DependsOn" name="dMethod" time="0.009"/>
</testsuite> <!-- com.testNG.com.DependsOn -->
