<?xml version="1.0" encoding="UTF-8"?>
<!-- Generated by org.testng.reporters.JUnitReportReporter -->
<testsuite hostname="DESKTOP-RNCMJUH" failures="0" tests="2" name="com.testNG.com.Data_Provider" time="48.130" errors="0" timestamp="2022-07-30T13:53:53 IST" skipped="0">
  <testcase classname="com.testNG.com.Data_Provider" name="launch" time="24.401"/>
  <testcase classname="com.testNG.com.Data_Provider" name="launch" time="23.729"/>
</testsuite> <!-- com.testNG.com.Data_Provider -->
