<?xml version="1.0" encoding="UTF-8"?>
<!-- Generated by org.testng.reporters.JUnitReportReporter -->
<testsuite hostname="DESKTOP-RNCMJUH" failures="0" tests="3" name="com.testNG.com.Grouping" time="0.061" errors="0" timestamp="2022-10-03T11:41:05 IST" skipped="0">
  <testcase classname="com.testNG.com.Grouping" name="launch" time="0.053"/>
  <testcase classname="com.testNG.com.Grouping" name="login" time="0.004"/>
  <testcase classname="com.testNG.com.Grouping" name="search" time="0.004"/>
</testsuite> <!-- com.testNG.com.Grouping -->
