<?xml version="1.0" encoding="UTF-8"?>
<!-- Generated by org.testng.reporters.JUnitReportReporter -->
<testsuite hostname="DESKTOP-RNCMJUH" failures="0" tests="2" name="com.testNG.com.CrossBrowser" time="23.233" errors="0" timestamp="2022-07-30T13:25:45 IST" skipped="0">
  <testcase classname="com.testNG.com.CrossBrowser" name="launch" time="7.825"/>
  <testcase classname="com.testNG.com.CrossBrowser" name="launch" time="15.408"/>
</testsuite> <!-- com.testNG.com.CrossBrowser -->
