<?xml version="1.0" encoding="UTF-8"?>
<!-- Generated by org.testng.reporters.JUnitReportReporter -->
<testsuite hostname="DESKTOP-RNCMJUH" failures="0" tests="4" name="com.testNG.com.ParallelRun" time="0.195" errors="0" timestamp="2022-07-28T18:07:26 IST" skipped="0">
  <testcase classname="com.testNG.com.ParallelRun" name="login" time="0.049"/>
  <testcase classname="com.testNG.com.ParallelRun" name="launch" time="0.048"/>
  <testcase classname="com.testNG.com.ParallelRun" name="search" time="0.049"/>
  <testcase classname="com.testNG.com.ParallelRun" name="setUp" time="0.049"/>
</testsuite> <!-- com.testNG.com.ParallelRun -->
