<?xml version="1.0" encoding="UTF-8"?>
<!-- Generated by org.testng.reporters.JUnitReportReporter -->
<testsuite hostname="DESKTOP-RNCMJUH" failures="0" tests="6" name="com.testNG.com.InvocationCount" time="0.067" errors="0" timestamp="2022-07-24T12:53:52 IST" skipped="0">
  <testcase classname="com.testNG.com.InvocationCount" name="bMethod" time="0.003"/>
  <testcase classname="com.testNG.com.InvocationCount" name="bMethod" time="0.003"/>
  <testcase classname="com.testNG.com.InvocationCount" name="dMethod" time="0.005"/>
  <testcase classname="com.testNG.com.InvocationCount" name="bMethod" time="0.005"/>
  <testcase classname="com.testNG.com.InvocationCount" name="cMethod" time="0.009"/>
  <testcase classname="com.testNG.com.InvocationCount" name="aMethod" time="0.042"/>
</testsuite> <!-- com.testNG.com.InvocationCount -->
