<?xml version="1.0" encoding="UTF-8"?>
<!-- Generated by org.testng.reporters.JUnitReportReporter -->
<testsuite hostname="DESKTOP-RNCMJUH" failures="0" tests="3" name="com.testNG.com.ExpectedException" time="0.049" errors="0" timestamp="2022-07-28T17:17:50 IST" skipped="0">
  <testcase classname="com.testNG.com.ExpectedException" name="aMethod" time="0.041"/>
  <testcase classname="com.testNG.com.ExpectedException" name="cMethod" time="0.003"/>
  <testcase classname="com.testNG.com.ExpectedException" name="bMethod" time="0.005"/>
</testsuite> <!-- com.testNG.com.ExpectedException -->
