<?xml version="1.0" encoding="UTF-8"?>
<!-- Generated by org.testng.reporters.JUnitReportReporter -->
<testsuite hostname="DESKTOP-RNCMJUH" failures="0" tests="1" name="com.testbase.com.Sample" time="49.835" errors="0" timestamp="2022-07-22T02:17:57 IST" skipped="0">
  <testcase classname="com.testbase.com.Sample" name="main" time="49.835"/>
</testsuite> <!-- com.testbase.com.Sample -->
